::1 - - [06/Feb/2022:18:49:00 +0000] "GET / HTTP/1.1" 304 - "-" "Mozilla/5.0 (Windows NT 10.0; Win64; x64) AppleWebKit/537.36 (KHTML, like Gecko) Chrome/94.0.4606.81 Safari/537.36"
::1 - - [06/Feb/2022:18:49:02 +0000] "GET /users/sign-in HTTP/1.1" 304 - "http://localhost:8000/" "Mozilla/5.0 (Windows NT 10.0; Win64; x64) AppleWebKit/537.36 (KHTML, like Gecko) Chrome/94.0.4606.81 Safari/537.36"
::1 - - [06/Feb/2022:18:49:11 +0000] "POST /users/create-session HTTP/1.1" 302 72 "http://localhost:8000/users/sign-in" "Mozilla/5.0 (Windows NT 10.0; Win64; x64) AppleWebKit/537.36 (KHTML, like Gecko) Chrome/94.0.4606.81 Safari/537.36"
::1 - - [06/Feb/2022:18:49:11 +0000] "GET /users/sign-in HTTP/1.1" 304 - "http://localhost:8000/users/sign-in" "Mozilla/5.0 (Windows NT 10.0; Win64; x64) AppleWebKit/537.36 (KHTML, like Gecko) Chrome/94.0.4606.81 Safari/537.36"
::1 - - [06/Feb/2022:18:49:19 +0000] "GET /users/auth/google HTTP/1.1" 302 0 "http://localhost:8000/users/sign-in" "Mozilla/5.0 (Windows NT 10.0; Win64; x64) AppleWebKit/537.36 (KHTML, like Gecko) Chrome/94.0.4606.81 Safari/537.36"
::1 - - [06/Feb/2022:18:49:26 +0000] "GET /users/auth/google/callback?code=4%2F0AX4XfWjCg7Jm4ZAvMXqsFsP-sXCTazOGmMvuBpOn-w24aIa_48NkS9i2rolc5DOMe2PviQ&scope=email+profile+https%3A%2F%2Fwww.googleapis.com%2Fauth%2Fuserinfo.profile+https%3A%2F%2Fwww.googleapis.com%2Fauth%2Fuserinfo.email+openid&authuser=0&prompt=consent HTTP/1.1" 302 46 "-" "Mozilla/5.0 (Windows NT 10.0; Win64; x64) AppleWebKit/537.36 (KHTML, like Gecko) Chrome/94.0.4606.81 Safari/537.36"
::1 - - [06/Feb/2022:18:49:27 +0000] "GET / HTTP/1.1" 200 3515 "-" "Mozilla/5.0 (Windows NT 10.0; Win64; x64) AppleWebKit/537.36 (KHTML, like Gecko) Chrome/94.0.4606.81 Safari/537.36"
::1 - - [07/Feb/2022:06:15:36 +0000] "GET /friendship/add-friend/62001836ffd78cfc64aa6cbd HTTP/1.1" 302 72 "http://localhost:8000/" "Mozilla/5.0 (Windows NT 10.0; Win64; x64) AppleWebKit/537.36 (KHTML, like Gecko) Chrome/94.0.4606.81 Safari/537.36"
::1 - - [07/Feb/2022:06:15:36 +0000] "GET /users/sign-in HTTP/1.1" 304 - "http://localhost:8000/" "Mozilla/5.0 (Windows NT 10.0; Win64; x64) AppleWebKit/537.36 (KHTML, like Gecko) Chrome/94.0.4606.81 Safari/537.36"
::1 - - [07/Feb/2022:06:15:36 +0000] "GET /favicon.ico HTTP/1.1" 404 150 "http://localhost:8000/users/sign-in" "Mozilla/5.0 (Windows NT 10.0; Win64; x64) AppleWebKit/537.36 (KHTML, like Gecko) Chrome/94.0.4606.81 Safari/537.36"
::1 - - [07/Feb/2022:06:15:42 +0000] "GET /users/sign-in HTTP/1.1" 304 - "http://localhost:8000/users/sign-in" "Mozilla/5.0 (Windows NT 10.0; Win64; x64) AppleWebKit/537.36 (KHTML, like Gecko) Chrome/94.0.4606.81 Safari/537.36"
::1 - - [07/Feb/2022:06:15:51 +0000] "POST /users/create-session HTTP/1.1" 302 72 "http://localhost:8000/users/sign-in" "Mozilla/5.0 (Windows NT 10.0; Win64; x64) AppleWebKit/537.36 (KHTML, like Gecko) Chrome/94.0.4606.81 Safari/537.36"
::1 - - [07/Feb/2022:06:15:51 +0000] "GET /users/sign-in HTTP/1.1" 304 - "http://localhost:8000/users/sign-in" "Mozilla/5.0 (Windows NT 10.0; Win64; x64) AppleWebKit/537.36 (KHTML, like Gecko) Chrome/94.0.4606.81 Safari/537.36"
::1 - - [07/Feb/2022:06:16:03 +0000] "POST /users/create-session HTTP/1.1" 302 72 "http://localhost:8000/users/sign-in" "Mozilla/5.0 (Windows NT 10.0; Win64; x64) AppleWebKit/537.36 (KHTML, like Gecko) Chrome/94.0.4606.81 Safari/537.36"
::1 - - [07/Feb/2022:06:16:03 +0000] "GET /users/sign-in HTTP/1.1" 304 - "http://localhost:8000/users/sign-in" "Mozilla/5.0 (Windows NT 10.0; Win64; x64) AppleWebKit/537.36 (KHTML, like Gecko) Chrome/94.0.4606.81 Safari/537.36"
::1 - - [07/Feb/2022:06:16:10 +0000] "POST /users/create-session HTTP/1.1" 302 72 "http://localhost:8000/users/sign-in" "Mozilla/5.0 (Windows NT 10.0; Win64; x64) AppleWebKit/537.36 (KHTML, like Gecko) Chrome/94.0.4606.81 Safari/537.36"
::1 - - [07/Feb/2022:06:16:10 +0000] "GET /users/sign-in HTTP/1.1" 304 - "http://localhost:8000/users/sign-in" "Mozilla/5.0 (Windows NT 10.0; Win64; x64) AppleWebKit/537.36 (KHTML, like Gecko) Chrome/94.0.4606.81 Safari/537.36"
::1 - - [07/Feb/2022:06:16:11 +0000] "GET /users/auth/google HTTP/1.1" 302 0 "http://localhost:8000/users/sign-in" "Mozilla/5.0 (Windows NT 10.0; Win64; x64) AppleWebKit/537.36 (KHTML, like Gecko) Chrome/94.0.4606.81 Safari/537.36"
::1 - - [07/Feb/2022:06:16:17 +0000] "GET /users/auth/google/callback?code=4%2F0AX4XfWgxJzfN0YIF1ffAEZRfkWKTwGD18-HzWEnWAknEUlkXkQaEwmC1jcnETDARCKX-tQ&scope=email+profile+https%3A%2F%2Fwww.googleapis.com%2Fauth%2Fuserinfo.profile+https%3A%2F%2Fwww.googleapis.com%2Fauth%2Fuserinfo.email+openid&authuser=0&prompt=consent HTTP/1.1" 302 46 "-" "Mozilla/5.0 (Windows NT 10.0; Win64; x64) AppleWebKit/537.36 (KHTML, like Gecko) Chrome/94.0.4606.81 Safari/537.36"
::1 - - [07/Feb/2022:06:16:17 +0000] "GET / HTTP/1.1" 304 - "-" "Mozilla/5.0 (Windows NT 10.0; Win64; x64) AppleWebKit/537.36 (KHTML, like Gecko) Chrome/94.0.4606.81 Safari/537.36"
::1 - - [07/Feb/2022:06:16:50 +0000] "GET /users/sign-out HTTP/1.1" 302 46 "http://localhost:8000/" "Mozilla/5.0 (Windows NT 10.0; Win64; x64) AppleWebKit/537.36 (KHTML, like Gecko) Chrome/94.0.4606.81 Safari/537.36"
::1 - - [07/Feb/2022:06:16:50 +0000] "GET / HTTP/1.1" 200 2404 "http://localhost:8000/" "Mozilla/5.0 (Windows NT 10.0; Win64; x64) AppleWebKit/537.36 (KHTML, like Gecko) Chrome/94.0.4606.81 Safari/537.36"
[0mGET / [32m200[0m 134.732 ms - 3197[0m
::1 - - [07/Feb/2022:06:19:36 +0000] "GET / HTTP/1.1" 200 2127 "http://localhost:8000/" "Mozilla/5.0 (Windows NT 10.0; Win64; x64) AppleWebKit/537.36 (KHTML, like Gecko) Chrome/94.0.4606.81 Safari/537.36"
[0mGET / [32m200[0m 45.088 ms - 3197[0m
::1 - - [07/Feb/2022:08:54:25 +0000] "GET / HTTP/1.1" 500 148 "http://localhost:8000/users/sign-in" "Mozilla/5.0 (Windows NT 10.0; Win64; x64) AppleWebKit/537.36 (KHTML, like Gecko) Chrome/97.0.4692.99 Safari/537.36"
::1 - - [07/Feb/2022:08:54:26 +0000] "GET / HTTP/1.1" 500 148 "http://localhost:8000/users/sign-in" "Mozilla/5.0 (Windows NT 10.0; Win64; x64) AppleWebKit/537.36 (KHTML, like Gecko) Chrome/97.0.4692.99 Safari/537.36"
[0mGET / [31m500[0m 34.027 ms - 1711[0m
[0mGET / [31m500[0m 20.182 ms - 1949[0m
[0mGET / [31m500[0m 20.472 ms - 1949[0m
[0mGET / [31m500[0m 41.793 ms - 1696[0m
::1 - - [07/Feb/2022:09:05:43 +0000] "GET / HTTP/1.1" 500 148 "http://localhost:8000/users/sign-in" "Mozilla/5.0 (Windows NT 10.0; Win64; x64) AppleWebKit/537.36 (KHTML, like Gecko) Chrome/97.0.4692.99 Safari/537.36"
[0mGET / [31m500[0m 39.737 ms - 1713[0m
[0mGET / [32m200[0m 50.036 ms - 3190[0m
[0mGET /favicon.ico [33m404[0m 5.471 ms - 150[0m
::1 - - [07/Feb/2022:09:12:26 +0000] "GET / HTTP/1.1" 500 148 "http://localhost:8000/users/sign-in" "Mozilla/5.0 (Windows NT 10.0; Win64; x64) AppleWebKit/537.36 (KHTML, like Gecko) Chrome/97.0.4692.99 Safari/537.36"
::1 - - [07/Feb/2022:09:14:04 +0000] "GET / HTTP/1.1" 200 2192 "http://localhost:8000/users/sign-in" "Mozilla/5.0 (Windows NT 10.0; Win64; x64) AppleWebKit/537.36 (KHTML, like Gecko) Chrome/97.0.4692.99 Safari/537.36"
::1 - - [07/Feb/2022:09:14:04 +0000] "GET /css/layout-d6ce68e0c6.css HTTP/1.1" 404 164 "http://localhost:8000/" "Mozilla/5.0 (Windows NT 10.0; Win64; x64) AppleWebKit/537.36 (KHTML, like Gecko) Chrome/97.0.4692.99 Safari/537.36"
::1 - - [07/Feb/2022:09:14:04 +0000] "GET /css/header-d41d8cd98f.css HTTP/1.1" 404 164 "http://localhost:8000/" "Mozilla/5.0 (Windows NT 10.0; Win64; x64) AppleWebKit/537.36 (KHTML, like Gecko) Chrome/97.0.4692.99 Safari/537.36"
::1 - - [07/Feb/2022:09:14:04 +0000] "GET /css/homeStyles-04aea94849.css HTTP/1.1" 404 168 "http://localhost:8000/" "Mozilla/5.0 (Windows NT 10.0; Win64; x64) AppleWebKit/537.36 (KHTML, like Gecko) Chrome/97.0.4692.99 Safari/537.36"
::1 - - [07/Feb/2022:09:14:04 +0000] "GET /css/footer-d41d8cd98f.css HTTP/1.1" 404 164 "http://localhost:8000/" "Mozilla/5.0 (Windows NT 10.0; Win64; x64) AppleWebKit/537.36 (KHTML, like Gecko) Chrome/97.0.4692.99 Safari/537.36"
::1 - - [07/Feb/2022:09:14:04 +0000] "GET /js/home_posts-deea46936e.js HTTP/1.1" 404 166 "http://localhost:8000/" "Mozilla/5.0 (Windows NT 10.0; Win64; x64) AppleWebKit/537.36 (KHTML, like Gecko) Chrome/97.0.4692.99 Safari/537.36"
::1 - - [07/Feb/2022:09:14:04 +0000] "GET /js/chat_engine-63c958709c.js HTTP/1.1" 404 167 "http://localhost:8000/" "Mozilla/5.0 (Windows NT 10.0; Win64; x64) AppleWebKit/537.36 (KHTML, like Gecko) Chrome/97.0.4692.99 Safari/537.36"
::1 - - [07/Feb/2022:09:14:13 +0000] "GET /users/sign-in HTTP/1.1" 200 1466 "http://localhost:8000/" "Mozilla/5.0 (Windows NT 10.0; Win64; x64) AppleWebKit/537.36 (KHTML, like Gecko) Chrome/97.0.4692.99 Safari/537.36"
::1 - - [07/Feb/2022:09:14:13 +0000] "GET /css/layout-d6ce68e0c6.css HTTP/1.1" 404 164 "http://localhost:8000/users/sign-in" "Mozilla/5.0 (Windows NT 10.0; Win64; x64) AppleWebKit/537.36 (KHTML, like Gecko) Chrome/97.0.4692.99 Safari/537.36"
::1 - - [07/Feb/2022:09:14:13 +0000] "GET /css/header-d41d8cd98f.css HTTP/1.1" 404 164 "http://localhost:8000/users/sign-in" "Mozilla/5.0 (Windows NT 10.0; Win64; x64) AppleWebKit/537.36 (KHTML, like Gecko) Chrome/97.0.4692.99 Safari/537.36"
::1 - - [07/Feb/2022:09:14:13 +0000] "GET /css/footer-d41d8cd98f.css HTTP/1.1" 404 164 "http://localhost:8000/users/sign-in" "Mozilla/5.0 (Windows NT 10.0; Win64; x64) AppleWebKit/537.36 (KHTML, like Gecko) Chrome/97.0.4692.99 Safari/537.36"
::1 - - [07/Feb/2022:09:14:20 +0000] "GET /users/auth/google HTTP/1.1" 302 0 "http://localhost:8000/users/sign-in" "Mozilla/5.0 (Windows NT 10.0; Win64; x64) AppleWebKit/537.36 (KHTML, like Gecko) Chrome/97.0.4692.99 Safari/537.36"
::1 - - [07/Feb/2022:09:14:23 +0000] "GET /users/auth/google/callback?code=4%2F0AX4XfWhNITfEzs4dEl1Zuvcu3VU2jz0pxm4pcPXAZOc1SSGSu9gUL0VkO9tVtCv4Lo8qWQ&scope=email+profile+https%3A%2F%2Fwww.googleapis.com%2Fauth%2Fuserinfo.email+https%3A%2F%2Fwww.googleapis.com%2Fauth%2Fuserinfo.profile+openid&authuser=0&prompt=none HTTP/1.1" 302 46 "http://localhost:8000/" "Mozilla/5.0 (Windows NT 10.0; Win64; x64) AppleWebKit/537.36 (KHTML, like Gecko) Chrome/97.0.4692.99 Safari/537.36"
::1 - - [07/Feb/2022:09:14:23 +0000] "GET / HTTP/1.1" 200 3580 "http://localhost:8000/" "Mozilla/5.0 (Windows NT 10.0; Win64; x64) AppleWebKit/537.36 (KHTML, like Gecko) Chrome/97.0.4692.99 Safari/537.36"
::1 - - [07/Feb/2022:09:14:23 +0000] "GET /css/layout-d6ce68e0c6.css HTTP/1.1" 404 164 "http://localhost:8000/" "Mozilla/5.0 (Windows NT 10.0; Win64; x64) AppleWebKit/537.36 (KHTML, like Gecko) Chrome/97.0.4692.99 Safari/537.36"
::1 - - [07/Feb/2022:09:14:23 +0000] "GET /css/header-d41d8cd98f.css HTTP/1.1" 404 164 "http://localhost:8000/" "Mozilla/5.0 (Windows NT 10.0; Win64; x64) AppleWebKit/537.36 (KHTML, like Gecko) Chrome/97.0.4692.99 Safari/537.36"
::1 - - [07/Feb/2022:09:14:23 +0000] "GET /css/footer-d41d8cd98f.css HTTP/1.1" 404 164 "http://localhost:8000/" "Mozilla/5.0 (Windows NT 10.0; Win64; x64) AppleWebKit/537.36 (KHTML, like Gecko) Chrome/97.0.4692.99 Safari/537.36"
::1 - - [07/Feb/2022:09:14:23 +0000] "GET /css/homeStyles-04aea94849.css HTTP/1.1" 404 168 "http://localhost:8000/" "Mozilla/5.0 (Windows NT 10.0; Win64; x64) AppleWebKit/537.36 (KHTML, like Gecko) Chrome/97.0.4692.99 Safari/537.36"
::1 - - [07/Feb/2022:09:14:23 +0000] "GET /js/home_posts-deea46936e.js HTTP/1.1" 404 166 "http://localhost:8000/" "Mozilla/5.0 (Windows NT 10.0; Win64; x64) AppleWebKit/537.36 (KHTML, like Gecko) Chrome/97.0.4692.99 Safari/537.36"
::1 - - [07/Feb/2022:09:14:23 +0000] "GET /js/chat_engine-63c958709c.js HTTP/1.1" 404 167 "http://localhost:8000/" "Mozilla/5.0 (Windows NT 10.0; Win64; x64) AppleWebKit/537.36 (KHTML, like Gecko) Chrome/97.0.4692.99 Safari/537.36"
::1 - - [07/Feb/2022:09:14:29 +0000] "GET /css/layout-d6ce68e0c6.css HTTP/1.1" 404 164 "http://localhost:8000/" "Mozilla/5.0 (Windows NT 10.0; Win64; x64) AppleWebKit/537.36 (KHTML, like Gecko) Chrome/97.0.4692.99 Safari/537.36"
::1 - - [07/Feb/2022:09:14:29 +0000] "GET /css/header-d41d8cd98f.css HTTP/1.1" 404 164 "http://localhost:8000/" "Mozilla/5.0 (Windows NT 10.0; Win64; x64) AppleWebKit/537.36 (KHTML, like Gecko) Chrome/97.0.4692.99 Safari/537.36"
::1 - - [07/Feb/2022:09:14:29 +0000] "GET /css/footer-d41d8cd98f.css HTTP/1.1" 404 164 "http://localhost:8000/" "Mozilla/5.0 (Windows NT 10.0; Win64; x64) AppleWebKit/537.36 (KHTML, like Gecko) Chrome/97.0.4692.99 Safari/537.36"
::1 - - [07/Feb/2022:09:14:29 +0000] "GET /css/homeStyles-04aea94849.css HTTP/1.1" 404 168 "http://localhost:8000/" "Mozilla/5.0 (Windows NT 10.0; Win64; x64) AppleWebKit/537.36 (KHTML, like Gecko) Chrome/97.0.4692.99 Safari/537.36"
::1 - - [07/Feb/2022:09:15:29 +0000] "GET / HTTP/1.1" 200 3268 "http://localhost:8000/" "Mozilla/5.0 (Windows NT 10.0; Win64; x64) AppleWebKit/537.36 (KHTML, like Gecko) Chrome/97.0.4692.99 Safari/537.36"
::1 - - [07/Feb/2022:09:15:29 +0000] "GET /css/homeStyles-04aea94849.css HTTP/1.1" 404 168 "http://localhost:8000/" "Mozilla/5.0 (Windows NT 10.0; Win64; x64) AppleWebKit/537.36 (KHTML, like Gecko) Chrome/97.0.4692.99 Safari/537.36"
::1 - - [07/Feb/2022:09:15:29 +0000] "GET /css/header-d41d8cd98f.css HTTP/1.1" 404 164 "http://localhost:8000/" "Mozilla/5.0 (Windows NT 10.0; Win64; x64) AppleWebKit/537.36 (KHTML, like Gecko) Chrome/97.0.4692.99 Safari/537.36"
::1 - - [07/Feb/2022:09:15:29 +0000] "GET /css/layout-d6ce68e0c6.css HTTP/1.1" 404 164 "http://localhost:8000/" "Mozilla/5.0 (Windows NT 10.0; Win64; x64) AppleWebKit/537.36 (KHTML, like Gecko) Chrome/97.0.4692.99 Safari/537.36"
::1 - - [07/Feb/2022:09:15:29 +0000] "GET /css/footer-d41d8cd98f.css HTTP/1.1" 404 164 "http://localhost:8000/" "Mozilla/5.0 (Windows NT 10.0; Win64; x64) AppleWebKit/537.36 (KHTML, like Gecko) Chrome/97.0.4692.99 Safari/537.36"
::1 - - [07/Feb/2022:09:15:29 +0000] "GET /undefined HTTP/1.1" 404 148 "http://localhost:8000/" "Mozilla/5.0 (Windows NT 10.0; Win64; x64) AppleWebKit/537.36 (KHTML, like Gecko) Chrome/97.0.4692.99 Safari/537.36"
::1 - - [07/Feb/2022:09:15:29 +0000] "GET /undefined HTTP/1.1" 404 148 "http://localhost:8000/" "Mozilla/5.0 (Windows NT 10.0; Win64; x64) AppleWebKit/537.36 (KHTML, like Gecko) Chrome/97.0.4692.99 Safari/537.36"
::1 - - [07/Feb/2022:09:15:31 +0000] "GET / HTTP/1.1" 304 - "http://localhost:8000/" "Mozilla/5.0 (Windows NT 10.0; Win64; x64) AppleWebKit/537.36 (KHTML, like Gecko) Chrome/97.0.4692.99 Safari/537.36"
::1 - - [07/Feb/2022:09:15:31 +0000] "GET /css/layout-d6ce68e0c6.css HTTP/1.1" 404 164 "http://localhost:8000/" "Mozilla/5.0 (Windows NT 10.0; Win64; x64) AppleWebKit/537.36 (KHTML, like Gecko) Chrome/97.0.4692.99 Safari/537.36"
::1 - - [07/Feb/2022:09:15:31 +0000] "GET /css/header-d41d8cd98f.css HTTP/1.1" 404 164 "http://localhost:8000/" "Mozilla/5.0 (Windows NT 10.0; Win64; x64) AppleWebKit/537.36 (KHTML, like Gecko) Chrome/97.0.4692.99 Safari/537.36"
::1 - - [07/Feb/2022:09:15:31 +0000] "GET /css/footer-d41d8cd98f.css HTTP/1.1" 404 164 "http://localhost:8000/" "Mozilla/5.0 (Windows NT 10.0; Win64; x64) AppleWebKit/537.36 (KHTML, like Gecko) Chrome/97.0.4692.99 Safari/537.36"
::1 - - [07/Feb/2022:09:15:31 +0000] "GET /css/homeStyles-04aea94849.css HTTP/1.1" 404 168 "http://localhost:8000/" "Mozilla/5.0 (Windows NT 10.0; Win64; x64) AppleWebKit/537.36 (KHTML, like Gecko) Chrome/97.0.4692.99 Safari/537.36"
::1 - - [07/Feb/2022:09:15:31 +0000] "GET /undefined HTTP/1.1" 404 148 "http://localhost:8000/" "Mozilla/5.0 (Windows NT 10.0; Win64; x64) AppleWebKit/537.36 (KHTML, like Gecko) Chrome/97.0.4692.99 Safari/537.36"
::1 - - [07/Feb/2022:09:15:31 +0000] "GET /undefined HTTP/1.1" 404 148 "http://localhost:8000/" "Mozilla/5.0 (Windows NT 10.0; Win64; x64) AppleWebKit/537.36 (KHTML, like Gecko) Chrome/97.0.4692.99 Safari/537.36"
::1 - - [07/Feb/2022:09:27:04 +0000] "GET / HTTP/1.1" 304 - "http://localhost:8000/" "Mozilla/5.0 (Windows NT 10.0; Win64; x64) AppleWebKit/537.36 (KHTML, like Gecko) Chrome/97.0.4692.99 Safari/537.36"
::1 - - [07/Feb/2022:09:27:04 +0000] "GET /css/footer-d41d8cd98f.css HTTP/1.1" 404 164 "http://localhost:8000/" "Mozilla/5.0 (Windows NT 10.0; Win64; x64) AppleWebKit/537.36 (KHTML, like Gecko) Chrome/97.0.4692.99 Safari/537.36"
::1 - - [07/Feb/2022:09:27:04 +0000] "GET /css/header-d41d8cd98f.css HTTP/1.1" 404 164 "http://localhost:8000/" "Mozilla/5.0 (Windows NT 10.0; Win64; x64) AppleWebKit/537.36 (KHTML, like Gecko) Chrome/97.0.4692.99 Safari/537.36"
::1 - - [07/Feb/2022:09:27:04 +0000] "GET /css/layout-d6ce68e0c6.css HTTP/1.1" 404 164 "http://localhost:8000/" "Mozilla/5.0 (Windows NT 10.0; Win64; x64) AppleWebKit/537.36 (KHTML, like Gecko) Chrome/97.0.4692.99 Safari/537.36"
::1 - - [07/Feb/2022:09:27:04 +0000] "GET /css/homeStyles-04aea94849.css HTTP/1.1" 404 168 "http://localhost:8000/" "Mozilla/5.0 (Windows NT 10.0; Win64; x64) AppleWebKit/537.36 (KHTML, like Gecko) Chrome/97.0.4692.99 Safari/537.36"
::1 - - [07/Feb/2022:09:27:04 +0000] "GET /undefined HTTP/1.1" 404 148 "http://localhost:8000/" "Mozilla/5.0 (Windows NT 10.0; Win64; x64) AppleWebKit/537.36 (KHTML, like Gecko) Chrome/97.0.4692.99 Safari/537.36"
::1 - - [07/Feb/2022:09:27:04 +0000] "GET /undefined HTTP/1.1" 404 148 "http://localhost:8000/" "Mozilla/5.0 (Windows NT 10.0; Win64; x64) AppleWebKit/537.36 (KHTML, like Gecko) Chrome/97.0.4692.99 Safari/537.36"
::1 - - [07/Feb/2022:09:27:06 +0000] "GET / HTTP/1.1" 304 - "http://localhost:8000/" "Mozilla/5.0 (Windows NT 10.0; Win64; x64) AppleWebKit/537.36 (KHTML, like Gecko) Chrome/97.0.4692.99 Safari/537.36"
::1 - - [07/Feb/2022:09:27:06 +0000] "GET /css/layout-d6ce68e0c6.css HTTP/1.1" 404 164 "http://localhost:8000/" "Mozilla/5.0 (Windows NT 10.0; Win64; x64) AppleWebKit/537.36 (KHTML, like Gecko) Chrome/97.0.4692.99 Safari/537.36"
::1 - - [07/Feb/2022:09:27:06 +0000] "GET /css/header-d41d8cd98f.css HTTP/1.1" 404 164 "http://localhost:8000/" "Mozilla/5.0 (Windows NT 10.0; Win64; x64) AppleWebKit/537.36 (KHTML, like Gecko) Chrome/97.0.4692.99 Safari/537.36"
::1 - - [07/Feb/2022:09:27:06 +0000] "GET /css/footer-d41d8cd98f.css HTTP/1.1" 404 164 "http://localhost:8000/" "Mozilla/5.0 (Windows NT 10.0; Win64; x64) AppleWebKit/537.36 (KHTML, like Gecko) Chrome/97.0.4692.99 Safari/537.36"
::1 - - [07/Feb/2022:09:27:06 +0000] "GET /css/homeStyles-04aea94849.css HTTP/1.1" 404 168 "http://localhost:8000/" "Mozilla/5.0 (Windows NT 10.0; Win64; x64) AppleWebKit/537.36 (KHTML, like Gecko) Chrome/97.0.4692.99 Safari/537.36"
::1 - - [07/Feb/2022:09:27:06 +0000] "GET /undefined HTTP/1.1" 404 148 "http://localhost:8000/" "Mozilla/5.0 (Windows NT 10.0; Win64; x64) AppleWebKit/537.36 (KHTML, like Gecko) Chrome/97.0.4692.99 Safari/537.36"
::1 - - [07/Feb/2022:09:27:06 +0000] "GET /undefined HTTP/1.1" 404 148 "http://localhost:8000/" "Mozilla/5.0 (Windows NT 10.0; Win64; x64) AppleWebKit/537.36 (KHTML, like Gecko) Chrome/97.0.4692.99 Safari/537.36"
::1 - - [07/Feb/2022:09:31:02 +0000] "GET / HTTP/1.1" 304 - "http://localhost:8000/" "Mozilla/5.0 (Windows NT 10.0; Win64; x64) AppleWebKit/537.36 (KHTML, like Gecko) Chrome/97.0.4692.99 Safari/537.36"
::1 - - [07/Feb/2022:09:31:02 +0000] "GET /undefined HTTP/1.1" 404 148 "http://localhost:8000/" "Mozilla/5.0 (Windows NT 10.0; Win64; x64) AppleWebKit/537.36 (KHTML, like Gecko) Chrome/97.0.4692.99 Safari/537.36"
::1 - - [07/Feb/2022:09:31:02 +0000] "GET /undefined HTTP/1.1" 404 148 "http://localhost:8000/" "Mozilla/5.0 (Windows NT 10.0; Win64; x64) AppleWebKit/537.36 (KHTML, like Gecko) Chrome/97.0.4692.99 Safari/537.36"
::1 - - [07/Feb/2022:09:31:49 +0000] "GET / HTTP/1.1" 200 3305 "http://localhost:8000/" "Mozilla/5.0 (Windows NT 10.0; Win64; x64) AppleWebKit/537.36 (KHTML, like Gecko) Chrome/97.0.4692.99 Safari/537.36"
[0mGET / [32m200[0m 43.488 ms - 3190[0m
[0mGET /favicon.ico [33m404[0m 6.921 ms - 150[0m
[0mGET /users/sign-in [32m200[0m 4.938 ms - 1430[0m
[0mGET /users/css/layout.css [33m404[0m 4.966 ms - 159[0m
[0mGET /users/css/header.css [33m404[0m 11.266 ms - 159[0m
[0mGET /users/css/footer.css [33m404[0m 11.578 ms - 159[0m
[0mGET /users/auth/google [36m302[0m 3.761 ms - 0[0m
[0mGET /users/auth/google/callback?code=4%2F0AX4XfWjKvfoairiOhDcZ6HoJ63yuazBnpQUlAFm4IRKYnSBB6DIFM2zd_cLhy3toMJGJYQ&scope=email+profile+https%3A%2F%2Fwww.googleapis.com%2Fauth%2Fuserinfo.profile+https%3A%2F%2Fwww.googleapis.com%2Fauth%2Fuserinfo.email+openid&authuser=0&prompt=consent [36m302[0m 1318.857 ms - 46[0m
[0mGET / [32m200[0m 20.232 ms - 5781[0m
::1 - - [07/Feb/2022:11:12:19 +0000] "GET / HTTP/1.1" 200 2192 "-" "Mozilla/5.0 (Windows NT 10.0; Win64; x64) AppleWebKit/537.36 (KHTML, like Gecko) Chrome/94.0.4606.81 Safari/537.36"
::1 - - [07/Feb/2022:11:12:21 +0000] "GET /users/sign-in HTTP/1.1" 200 1466 "http://localhost:8000/" "Mozilla/5.0 (Windows NT 10.0; Win64; x64) AppleWebKit/537.36 (KHTML, like Gecko) Chrome/94.0.4606.81 Safari/537.36"
::1 - - [07/Feb/2022:11:12:23 +0000] "GET /users/auth/google HTTP/1.1" 302 0 "http://localhost:8000/users/sign-in" "Mozilla/5.0 (Windows NT 10.0; Win64; x64) AppleWebKit/537.36 (KHTML, like Gecko) Chrome/94.0.4606.81 Safari/537.36"
::1 - - [07/Feb/2022:11:13:01 +0000] "GET /users/auth/google/callback?code=4%2F0AX4XfWjJDK-bHRuUnytbQpk9PzmQtt6A5P3Yu5mqHKEDEWWz06zSueMPYfs9YuKIv8kXzQ&scope=email+profile+https%3A%2F%2Fwww.googleapis.com%2Fauth%2Fuserinfo.profile+https%3A%2F%2Fwww.googleapis.com%2Fauth%2Fuserinfo.email+openid&authuser=0&prompt=consent HTTP/1.1" 302 46 "-" "Mozilla/5.0 (Windows NT 10.0; Win64; x64) AppleWebKit/537.36 (KHTML, like Gecko) Chrome/94.0.4606.81 Safari/537.36"
::1 - - [07/Feb/2022:11:13:01 +0000] "GET / HTTP/1.1" 200 3580 "-" "Mozilla/5.0 (Windows NT 10.0; Win64; x64) AppleWebKit/537.36 (KHTML, like Gecko) Chrome/94.0.4606.81 Safari/537.36"
::1 - - [07/Feb/2022:11:13:13 +0000] "GET / HTTP/1.1" 200 3305 "-" "Mozilla/5.0 (Windows NT 10.0; Win64; x64) AppleWebKit/537.36 (KHTML, like Gecko) Chrome/94.0.4606.81 Safari/537.36"
::1 - - [07/Feb/2022:11:13:15 +0000] "GET / HTTP/1.1" 304 - "-" "Mozilla/5.0 (Windows NT 10.0; Win64; x64) AppleWebKit/537.36 (KHTML, like Gecko) Chrome/94.0.4606.81 Safari/537.36"
::1 - - [07/Feb/2022:11:13:35 +0000] "GET / HTTP/1.1" 304 - "-" "Mozilla/5.0 (Windows NT 10.0; Win64; x64) AppleWebKit/537.36 (KHTML, like Gecko) Chrome/94.0.4606.81 Safari/537.36"
::1 - - [07/Feb/2022:11:13:50 +0000] "POST /posts/create HTTP/1.1" 200 238 "http://localhost:8000/" "Mozilla/5.0 (Windows NT 10.0; Win64; x64) AppleWebKit/537.36 (KHTML, like Gecko) Chrome/94.0.4606.81 Safari/537.36"
::1 - - [07/Feb/2022:11:13:53 +0000] "POST /comments/create HTTP/1.1" 302 46 "http://localhost:8000/" "Mozilla/5.0 (Windows NT 10.0; Win64; x64) AppleWebKit/537.36 (KHTML, like Gecko) Chrome/94.0.4606.81 Safari/537.36"
::1 - - [07/Feb/2022:11:13:53 +0000] "GET / HTTP/1.1" 200 5036 "http://localhost:8000/" "Mozilla/5.0 (Windows NT 10.0; Win64; x64) AppleWebKit/537.36 (KHTML, like Gecko) Chrome/94.0.4606.81 Safari/537.36"
::1 - - [07/Feb/2022:11:15:33 +0000] "GET / HTTP/1.1" 200 3020 "http://localhost:8000/" "Mozilla/5.0 (Windows NT 10.0; Win64; x64) AppleWebKit/537.36 (KHTML, like Gecko) Chrome/94.0.4606.81 Safari/537.36"
::1 - - [07/Feb/2022:11:15:35 +0000] "GET /users/sign-in HTTP/1.1" 304 - "http://localhost:8000/" "Mozilla/5.0 (Windows NT 10.0; Win64; x64) AppleWebKit/537.36 (KHTML, like Gecko) Chrome/94.0.4606.81 Safari/537.36"
::1 - - [07/Feb/2022:11:15:37 +0000] "GET /users/auth/google HTTP/1.1" 302 0 "http://localhost:8000/users/sign-in" "Mozilla/5.0 (Windows NT 10.0; Win64; x64) AppleWebKit/537.36 (KHTML, like Gecko) Chrome/94.0.4606.81 Safari/537.36"
::1 - - [07/Feb/2022:11:16:29 +0000] "GET /users/auth/google/callback?code=4%2F0AX4XfWj571AKgRgD_MXot1pDKBWbXsSi4kX4DOIzCsLNcuIusVt5H1Oa6jkS4dXV_W3Jbw&scope=email+profile+https%3A%2F%2Fwww.googleapis.com%2Fauth%2Fuserinfo.profile+https%3A%2F%2Fwww.googleapis.com%2Fauth%2Fuserinfo.email+openid&authuser=0&prompt=consent HTTP/1.1" 302 46 "-" "Mozilla/5.0 (Windows NT 10.0; Win64; x64) AppleWebKit/537.36 (KHTML, like Gecko) Chrome/94.0.4606.81 Safari/537.36"
::1 - - [07/Feb/2022:11:16:29 +0000] "GET / HTTP/1.1" 200 5311 "-" "Mozilla/5.0 (Windows NT 10.0; Win64; x64) AppleWebKit/537.36 (KHTML, like Gecko) Chrome/94.0.4606.81 Safari/537.36"
::1 - - [07/Feb/2022:11:16:34 +0000] "POST /comments/create HTTP/1.1" 302 46 "http://localhost:8000/" "Mozilla/5.0 (Windows NT 10.0; Win64; x64) AppleWebKit/537.36 (KHTML, like Gecko) Chrome/94.0.4606.81 Safari/537.36"
::1 - - [07/Feb/2022:11:16:34 +0000] "GET / HTTP/1.1" 200 5614 "http://localhost:8000/" "Mozilla/5.0 (Windows NT 10.0; Win64; x64) AppleWebKit/537.36 (KHTML, like Gecko) Chrome/94.0.4606.81 Safari/537.36"
[0mGET / [32m200[0m 63.915 ms - 3190[0m
[0mGET /users/sign-in [32m200[0m 5.104 ms - 1430[0m
[0mGET /users/css/layout.css [33m404[0m 6.847 ms - 159[0m
[0mGET /users/css/header.css [33m404[0m 13.633 ms - 159[0m
[0mGET /users/css/footer.css [33m404[0m 14.490 ms - 159[0m
[0mPOST /users/create-session [36m302[0m 7.605 ms - 46[0m
[0mGET / [32m200[0m 16.237 ms - 5616[0m
[0mPOST /comments/create [36m302[0m 45.184 ms - 46[0m
[0mGET / [32m200[0m 27.803 ms - 5771[0m
::1 - - [07/Feb/2022:11:23:08 +0000] "GET / HTTP/1.1" 200 3302 "http://localhost:8000/" "Mozilla/5.0 (Windows NT 10.0; Win64; x64) AppleWebKit/537.36 (KHTML, like Gecko) Chrome/94.0.4606.81 Safari/537.36"
::1 - - [07/Feb/2022:11:23:10 +0000] "GET /users/sign-in HTTP/1.1" 200 1466 "http://localhost:8000/" "Mozilla/5.0 (Windows NT 10.0; Win64; x64) AppleWebKit/537.36 (KHTML, like Gecko) Chrome/94.0.4606.81 Safari/537.36"
::1 - - [07/Feb/2022:11:23:12 +0000] "GET /users/auth/google HTTP/1.1" 302 0 "http://localhost:8000/users/sign-in" "Mozilla/5.0 (Windows NT 10.0; Win64; x64) AppleWebKit/537.36 (KHTML, like Gecko) Chrome/94.0.4606.81 Safari/537.36"
::1 - - [07/Feb/2022:11:24:36 +0000] "GET /users/sign-in HTTP/1.1" 304 - "http://localhost:8000/users/sign-in" "Mozilla/5.0 (Windows NT 10.0; Win64; x64) AppleWebKit/537.36 (KHTML, like Gecko) Chrome/94.0.4606.81 Safari/537.36"
::1 - - [07/Feb/2022:11:24:37 +0000] "GET /users/sign-in HTTP/1.1" 304 - "http://localhost:8000/users/sign-in" "Mozilla/5.0 (Windows NT 10.0; Win64; x64) AppleWebKit/537.36 (KHTML, like Gecko) Chrome/94.0.4606.81 Safari/537.36"
::1 - - [07/Feb/2022:11:24:40 +0000] "GET /users/auth/google HTTP/1.1" 302 0 "http://localhost:8000/users/sign-in" "Mozilla/5.0 (Windows NT 10.0; Win64; x64) AppleWebKit/537.36 (KHTML, like Gecko) Chrome/94.0.4606.81 Safari/537.36"
::1 - - [07/Feb/2022:11:26:03 +0000] "GET / HTTP/1.1" 304 - "-" "Mozilla/5.0 (Windows NT 10.0; Win64; x64) AppleWebKit/537.36 (KHTML, like Gecko) Chrome/94.0.4606.81 Safari/537.36"
::1 - - [07/Feb/2022:15:18:15 +0000] "GET / HTTP/1.1" 200 3302 "-" "Mozilla/5.0 (Windows NT 10.0; Win64; x64) AppleWebKit/537.36 (KHTML, like Gecko) Chrome/97.0.4692.99 Safari/537.36"
::1 - - [07/Feb/2022:15:18:18 +0000] "GET /users/sign-in HTTP/1.1" 304 - "http://localhost:8000/" "Mozilla/5.0 (Windows NT 10.0; Win64; x64) AppleWebKit/537.36 (KHTML, like Gecko) Chrome/97.0.4692.99 Safari/537.36"
::1 - - [07/Feb/2022:15:18:24 +0000] "POST /users/create-session HTTP/1.1" 302 72 "http://localhost:8000/users/sign-in" "Mozilla/5.0 (Windows NT 10.0; Win64; x64) AppleWebKit/537.36 (KHTML, like Gecko) Chrome/97.0.4692.99 Safari/537.36"
::1 - - [07/Feb/2022:15:18:24 +0000] "GET /users/sign-in HTTP/1.1" 304 - "http://localhost:8000/users/sign-in" "Mozilla/5.0 (Windows NT 10.0; Win64; x64) AppleWebKit/537.36 (KHTML, like Gecko) Chrome/97.0.4692.99 Safari/537.36"
::1 - - [07/Feb/2022:15:18:28 +0000] "GET /users/auth/google HTTP/1.1" 302 0 "http://localhost:8000/users/sign-in" "Mozilla/5.0 (Windows NT 10.0; Win64; x64) AppleWebKit/537.36 (KHTML, like Gecko) Chrome/97.0.4692.99 Safari/537.36"
::1 - - [07/Feb/2022:15:18:29 +0000] "GET /users/auth/google/callback?code=4%2F0AX4XfWihiY6iRyuwcoq50oA3xrKG9qRpNggoaf7rXcUzJ9MsIhOe-WvCweAYsl9eYQPK_A&scope=email+profile+https%3A%2F%2Fwww.googleapis.com%2Fauth%2Fuserinfo.profile+openid+https%3A%2F%2Fwww.googleapis.com%2Fauth%2Fuserinfo.email&authuser=0&prompt=none HTTP/1.1" 302 46 "http://localhost:8000/" "Mozilla/5.0 (Windows NT 10.0; Win64; x64) AppleWebKit/537.36 (KHTML, like Gecko) Chrome/97.0.4692.99 Safari/537.36"
::1 - - [07/Feb/2022:15:18:29 +0000] "GET / HTTP/1.1" 200 5889 "http://localhost:8000/" "Mozilla/5.0 (Windows NT 10.0; Win64; x64) AppleWebKit/537.36 (KHTML, like Gecko) Chrome/97.0.4692.99 Safari/537.36"
::1 - - [07/Feb/2022:15:18:36 +0000] "GET /comments/destroy/6200ff9211f7787df90bf89c HTTP/1.1" 302 88 "http://localhost:8000/" "Mozilla/5.0 (Windows NT 10.0; Win64; x64) AppleWebKit/537.36 (KHTML, like Gecko) Chrome/97.0.4692.99 Safari/537.36"
::1 - - [07/Feb/2022:15:18:36 +0000] "GET / HTTP/1.1" 200 5036 "http://localhost:8000/" "Mozilla/5.0 (Windows NT 10.0; Win64; x64) AppleWebKit/537.36 (KHTML, like Gecko) Chrome/97.0.4692.99 Safari/537.36"
::1 - - [07/Feb/2022:15:18:37 +0000] "GET /likes/toggle/?id=6200fef14388d652f0f2e3c3&type=Comment HTTP/1.1" 302 46 "http://localhost:8000/" "Mozilla/5.0 (Windows NT 10.0; Win64; x64) AppleWebKit/537.36 (KHTML, like Gecko) Chrome/97.0.4692.99 Safari/537.36"
::1 - - [07/Feb/2022:15:18:37 +0000] "GET / HTTP/1.1" 200 5036 "http://localhost:8000/" "Mozilla/5.0 (Windows NT 10.0; Win64; x64) AppleWebKit/537.36 (KHTML, like Gecko) Chrome/97.0.4692.99 Safari/537.36"
::1 - - [07/Feb/2022:15:18:40 +0000] "GET /comments/destroy/6200fef14388d652f0f2e3c3 HTTP/1.1" 302 88 "http://localhost:8000/" "Mozilla/5.0 (Windows NT 10.0; Win64; x64) AppleWebKit/537.36 (KHTML, like Gecko) Chrome/97.0.4692.99 Safari/537.36"
::1 - - [07/Feb/2022:15:18:40 +0000] "GET / HTTP/1.1" 200 4458 "http://localhost:8000/" "Mozilla/5.0 (Windows NT 10.0; Win64; x64) AppleWebKit/537.36 (KHTML, like Gecko) Chrome/97.0.4692.99 Safari/537.36"
::1 - - [07/Feb/2022:15:18:51 +0000] "GET /friendship/add-friend/62001836ffd78cfc64aa6cbd HTTP/1.1" - - "http://localhost:8000/" "Mozilla/5.0 (Windows NT 10.0; Win64; x64) AppleWebKit/537.36 (KHTML, like Gecko) Chrome/97.0.4692.99 Safari/537.36"
::1 - - [07/Feb/2022:15:18:51 +0000] "GET /users/sign-out HTTP/1.1" 302 46 "http://localhost:8000/" "Mozilla/5.0 (Windows NT 10.0; Win64; x64) AppleWebKit/537.36 (KHTML, like Gecko) Chrome/97.0.4692.99 Safari/537.36"
::1 - - [07/Feb/2022:15:18:51 +0000] "GET / HTTP/1.1" 200 3015 "http://localhost:8000/" "Mozilla/5.0 (Windows NT 10.0; Win64; x64) AppleWebKit/537.36 (KHTML, like Gecko) Chrome/97.0.4692.99 Safari/537.36"
[0mGET /users/auth/google/callback?code=4%2F0AX4XfWijwLi8H4ji20KrUPdnFxU3B334Z3LNbwsxiuPHZo2LcRaiihg7GlI4uUVGGPREtA&scope=email+profile+https%3A%2F%2Fwww.googleapis.com%2Fauth%2Fuserinfo.profile+openid+https%3A%2F%2Fwww.googleapis.com%2Fauth%2Fuserinfo.email&authuser=0&prompt=none [0m-[0m - ms - -[0m
[0mGET /users/auth/google/callback?code=4%2F0AX4XfWijwLi8H4ji20KrUPdnFxU3B334Z3LNbwsxiuPHZo2LcRaiihg7GlI4uUVGGPREtA&scope=email+profile+https%3A%2F%2Fwww.googleapis.com%2Fauth%2Fuserinfo.profile+openid+https%3A%2F%2Fwww.googleapis.com%2Fauth%2Fuserinfo.email&authuser=0&prompt=none [31m500[0m 750.252 ms - 1104[0m
[0mGET / [32m200[0m 302.563 ms - 3470[0m
[0mGET /users/sign-in [32m200[0m 17.350 ms - 1430[0m
[0mGET /users/css/header.css [33m404[0m 27.871 ms - 159[0m
[0mGET /users/css/layout.css [33m404[0m 15.220 ms - 159[0m
[0mGET /users/css/footer.css [33m404[0m 27.342 ms - 159[0m
[0mGET /users/auth/google [36m302[0m 10.007 ms - 0[0m
[0mGET /users/auth/google/callback?code=4%2F0AX4XfWgNIOlg7O7jwazpgLwTscbjC2vfaBY4VYSPCB7782nmnXzj9GOlZGBP1a2JxiboyQ&scope=email+profile+https%3A%2F%2Fwww.googleapis.com%2Fauth%2Fuserinfo.profile+openid+https%3A%2F%2Fwww.googleapis.com%2Fauth%2Fuserinfo.email&authuser=0&prompt=none [36m302[0m 2254.974 ms - 46[0m
[0mGET / [32m200[0m 72.654 ms - 6357[0m
::1 - - [07/Feb/2022:18:25:56 +0000] "GET / HTTP/1.1" 200 2738 "http://localhost:8000/" "Mozilla/5.0 (Windows NT 10.0; Win64; x64) AppleWebKit/537.36 (KHTML, like Gecko) Chrome/97.0.4692.99 Safari/537.36"
::1 - - [07/Feb/2022:18:25:59 +0000] "GET /users/sign-in HTTP/1.1" 200 1466 "http://localhost:8000/" "Mozilla/5.0 (Windows NT 10.0; Win64; x64) AppleWebKit/537.36 (KHTML, like Gecko) Chrome/97.0.4692.99 Safari/537.36"
::1 - - [07/Feb/2022:18:26:01 +0000] "GET /users/auth/google HTTP/1.1" 302 0 "http://localhost:8000/users/sign-in" "Mozilla/5.0 (Windows NT 10.0; Win64; x64) AppleWebKit/537.36 (KHTML, like Gecko) Chrome/97.0.4692.99 Safari/537.36"
::1 - - [07/Feb/2022:18:26:03 +0000] "GET /users/auth/google/callback?code=4%2F0AX4XfWjLiXCgHvV3m27553Dn6I2pE8kK7OO4e7y1fVl-NrWyqRv8NZoIMyWUKwM13efG_A&scope=email+profile+https%3A%2F%2Fwww.googleapis.com%2Fauth%2Fuserinfo.profile+openid+https%3A%2F%2Fwww.googleapis.com%2Fauth%2Fuserinfo.email&authuser=0&prompt=none HTTP/1.1" 302 46 "http://localhost:8000/" "Mozilla/5.0 (Windows NT 10.0; Win64; x64) AppleWebKit/537.36 (KHTML, like Gecko) Chrome/97.0.4692.99 Safari/537.36"
::1 - - [07/Feb/2022:18:26:03 +0000] "GET / HTTP/1.1" 200 4733 "http://localhost:8000/" "Mozilla/5.0 (Windows NT 10.0; Win64; x64) AppleWebKit/537.36 (KHTML, like Gecko) Chrome/97.0.4692.99 Safari/537.36"
[0mGET / [32m200[0m 514.203 ms - 3470[0m
[0mGET /favicon.ico [33m404[0m 4.746 ms - 150[0m
[0mGET /users/sign-in [32m200[0m 7.000 ms - 1430[0m
[0mGET /users/css/footer.css [33m404[0m 7.114 ms - 159[0m
[0mGET /users/css/header.css [33m404[0m 7.303 ms - 159[0m
[0mGET /users/css/layout.css [33m404[0m 4.076 ms - 159[0m
[0mPOST /users/create-session [36m302[0m 27.228 ms - 46[0m
[0mGET / [32m200[0m 15.717 ms - 6046[0m
[0mPOST /posts/create [32m200[0m 21.651 ms - 238[0m
[0mPOST /comments/create [36m302[0m 14.788 ms - 46[0m
[0mGET / [32m200[0m 36.821 ms - 7350[0m
[0mPOST /comments/create [36m302[0m 12.899 ms - 46[0m
[0mGET / [32m200[0m 28.122 ms - 7928[0m
[0mGET /users/sign-out [36m302[0m 4.924 ms - 46[0m
[0mGET / [32m200[0m 11.420 ms - 4851[0m
[0mGET /users/sign-in [36m304[0m 4.210 ms - -[0m
[0mGET /users/css/layout.css [33m404[0m 2.222 ms - 159[0m
[0mGET /users/css/header.css [33m404[0m 2.339 ms - 159[0m
[0mGET /users/css/footer.css [33m404[0m 2.794 ms - 159[0m
[0mGET /users/sign-in [36m304[0m 4.498 ms - -[0m
[0mGET /users/css/footer.css [33m404[0m 5.483 ms - 159[0m
[0mGET /users/css/layout.css [33m404[0m 15.481 ms - 159[0m
[0mGET /users/css/header.css [33m404[0m 14.946 ms - 159[0m
[0mGET /users/auth/google [36m302[0m 4.726 ms - 0[0m
[0mGET /users/css/layout.css [33m404[0m 3.521 ms - 159[0m
[0mGET /users/css/header.css [33m404[0m 3.459 ms - 159[0m
[0mGET /users/css/footer.css [33m404[0m 4.861 ms - 159[0m
[0mGET /users/css/layout.css [33m404[0m 2.471 ms - 159[0m
[0mGET /users/css/header.css [33m404[0m 2.260 ms - 159[0m
[0mGET /users/css/footer.css [33m404[0m 3.870 ms - 159[0m
[0mGET /favicon.ico [33m404[0m 2.187 ms - 150[0m
[0mGET /users/auth/google [36m302[0m 2.965 ms - 0[0m
[0mPOST /users/create-session [36m302[0m 3.930 ms - 46[0m
[0mGET / [32m200[0m 13.909 ms - 8203[0m
[0mPOST /comments/create [36m302[0m 11.782 ms - 46[0m
[0mGET / [32m200[0m 29.277 ms - 8505[0m
[0mGET /favicon.ico [33m404[0m 7.574 ms - 150[0m
[0mPOST /comments/create [36m302[0m 9.554 ms - 46[0m
[0mGET / [32m200[0m 34.494 ms - 9082[0m
[0mPOST /comments/create [36m302[0m 18.950 ms - 46[0m
[0mGET / [32m200[0m 26.752 ms - 9659[0m
[0mPOST /comments/create [36m302[0m 11.597 ms - 46[0m
[0mGET / [32m200[0m 27.477 ms - 10236[0m
[0mGET /users/sign-out [36m302[0m 4.414 ms - 46[0m
[0mGET / [32m200[0m 14.315 ms - 5975[0m
[0mGET /users/sign-in [36m304[0m 4.266 ms - -[0m
[0mGET /users/css/layout.css [33m404[0m 1.791 ms - 159[0m
[0mGET /users/css/header.css [33m404[0m 2.331 ms - 159[0m
[0mGET /users/css/footer.css [33m404[0m 3.308 ms - 159[0m
[0mGET /users/auth/google [36m302[0m 1.713 ms - 0[0m
[0mGET /users/auth/google/callback?code=4%2F0AX4XfWjS1mjvrEUbwh6rcNWUbQC3JeywiiCGI5uyd0fFOqJWkOnnfBLVi5-Mhh762qC01w&scope=email+profile+https%3A%2F%2Fwww.googleapis.com%2Fauth%2Fuserinfo.profile+https%3A%2F%2Fwww.googleapis.com%2Fauth%2Fuserinfo.email+openid&authuser=0&prompt=none [36m302[0m 1930.929 ms - 46[0m
[0mGET / [32m200[0m 21.724 ms - 10087[0m
[0mGET /users/sign-out [36m302[0m 4.903 ms - 46[0m
[0mGET / [32m200[0m 16.889 ms - 5975[0m
[0mGET / [31m500[0m 2.386 ms - 1332[0m
[0mGET / [31m500[0m 1.829 ms - 1332[0m
[0mGET / [32m200[0m 248.852 ms - 5698[0m
[0mGET /favicon.ico [33m404[0m 12.270 ms - 150[0m
::1 - - [08/Feb/2022:10:32:30 +0000] "GET / HTTP/1.1" 200 2738 "-" "Mozilla/5.0 (Windows NT 10.0; Win64; x64) AppleWebKit/537.36 (KHTML, like Gecko) Chrome/97.0.4692.99 Safari/537.36"
